<?xml version="1.0" encoding="UTF-8"?>
<!-- Generated by org.testng.reporters.JUnitReportReporter -->
<testsuite hostname="TWLADL-032" failures="0" tests="2" name="com.imsd.tests.MyAssignmentsPageTest" time="1.627" errors="0" timestamp="14 Apr 2021 17:48:12 GMT" skipped="0">
  <testcase classname="com.imsd.tests.MyAssignmentsPageTest" name="clickMyAssignmentsLinkTest" time="1.614"/>
  <testcase classname="com.imsd.tests.MyAssignmentsPageTest" name="verifyMyAssignmentsPageTitleTest" time="0.013"/>
</testsuite> <!-- com.imsd.tests.MyAssignmentsPageTest -->
