<?xml version="1.0" encoding="UTF-8"?>
<!-- Generated by org.testng.reporters.JUnitReportReporter -->
<testsuite hostname="TWLADL-032" failures="0" tests="2" name="com.imsd.tests.AssignBookingsPageTest" time="0.989" errors="0" timestamp="14 Apr 2021 17:48:12 GMT" skipped="0">
  <testcase classname="com.imsd.tests.AssignBookingsPageTest" name="clickMyAssignmentsLinkTest" time="0.975"/>
  <testcase classname="com.imsd.tests.AssignBookingsPageTest" name="verifyAssignBookingsPageTitleTest" time="0.014"/>
</testsuite> <!-- com.imsd.tests.AssignBookingsPageTest -->
