<?xml version="1.0" encoding="UTF-8"?>
<!-- Generated by org.testng.reporters.JUnitReportReporter -->
<testsuite hostname="TWLADL-032" failures="0" tests="1" name="com.imsd.tests.LoginPageTest" time="30.140" errors="0" timestamp="14 Apr 2021 17:48:12 GMT" skipped="0">
  <testcase classname="com.imsd.tests.LoginPageTest" name="loginTest" time="30.140"/>
</testsuite> <!-- com.imsd.tests.LoginPageTest -->
