<?xml version="1.0" encoding="UTF-8"?>
<!-- Generated by org.testng.reporters.JUnitReportReporter -->
<testsuite hostname="TWLADL-032" failures="0" tests="2" name="com.imsd.tests.MyAssignmentsPageTest" time="0.944" errors="0" timestamp="11 Apr 2021 16:29:55 GMT" skipped="0">
  <testcase classname="com.imsd.tests.MyAssignmentsPageTest" name="clickMyAssignmentsLinkTest" time="0.936"/>
  <testcase classname="com.imsd.tests.MyAssignmentsPageTest" name="verifyMyAssignmentsPageTitleTest" time="0.008"/>
</testsuite> <!-- com.imsd.tests.MyAssignmentsPageTest -->
