<?xml version="1.0" encoding="UTF-8"?>
<!-- Generated by org.testng.reporters.JUnitReportReporter -->
<testsuite hostname="TWLADL-032" failures="0" tests="2" name="com.imsd.tests.BookingSearchPageTest" time="8.341" errors="0" timestamp="11 Apr 2021 16:29:55 GMT" skipped="0">
  <testcase classname="com.imsd.tests.BookingSearchPageTest" name="clickGroupedBookingslinkTest" time="8.329"/>
  <testcase classname="com.imsd.tests.BookingSearchPageTest" name="verifyBookingSearchPageTitleTest" time="0.012"/>
</testsuite> <!-- com.imsd.tests.BookingSearchPageTest -->
