<?xml version="1.0" encoding="UTF-8"?>
<!-- Generated by org.testng.reporters.JUnitReportReporter -->
<testsuite hostname="TWLADL-032" failures="0" tests="2" name="com.imsd.tests.ContactsPageTest" time="3.806" errors="0" timestamp="11 Apr 2021 16:29:55 GMT" skipped="0">
  <testcase classname="com.imsd.tests.ContactsPageTest" name="verifyContactsPageTitleTest" time="0.008"/>
  <testcase classname="com.imsd.tests.ContactsPageTest" name="clickAssignBookingsLinkTest" time="3.798"/>
</testsuite> <!-- com.imsd.tests.ContactsPageTest -->
