<?xml version="1.0" encoding="UTF-8"?>
<!-- Generated by org.testng.reporters.JUnitReportReporter -->
<testsuite hostname="TWLADL-032" failures="0" tests="1" name="com.imsd.tests.AssignBookingsPageTest" time="1.067" errors="0" timestamp="08 Apr 2021 17:09:39 GMT" skipped="0">
  <testcase classname="com.imsd.tests.AssignBookingsPageTest" name="clickMyAssignmentsLinkTest" time="1.067"/>
</testsuite> <!-- com.imsd.tests.AssignBookingsPageTest -->
