<?xml version="1.0" encoding="UTF-8"?>
<!-- Generated by org.testng.reporters.JUnitReportReporter -->
<testsuite hostname="TWLADL-032" failures="0" tests="2" name="com.imsd.tests.AddBookingPageTest" time="1.577" errors="0" timestamp="11 Apr 2021 16:29:55 GMT" skipped="0">
  <testcase classname="com.imsd.tests.AddBookingPageTest" name="clickContactsLinkTest" time="1.568"/>
  <testcase classname="com.imsd.tests.AddBookingPageTest" name="verifyAddBookingPageTitleTest" time="0.009"/>
</testsuite> <!-- com.imsd.tests.AddBookingPageTest -->
