<?xml version="1.0" encoding="UTF-8"?>
<!-- Generated by org.testng.reporters.JUnitReportReporter -->
<testsuite hostname="TWLADL-032" failures="0" tests="2" name="com.imsd.tests.GroupedBookingsPageTest" time="1.020" errors="0" timestamp="11 Apr 2021 16:29:55 GMT" skipped="0">
  <testcase classname="com.imsd.tests.GroupedBookingsPageTest" name="verifyGroupedBookingsPageTitleTest" time="0.025"/>
  <testcase classname="com.imsd.tests.GroupedBookingsPageTest" name="clickAddBookingLinkTest" time="0.995"/>
</testsuite> <!-- com.imsd.tests.GroupedBookingsPageTest -->
