<?xml version="1.0" encoding="UTF-8"?>
<!-- Generated by org.testng.reporters.JUnitReportReporter -->
<testsuite hostname="TWLADL-032" failures="0" tests="2" name="com.imsd.tests.DashboardPageTest" time="10.534" errors="0" timestamp="11 Apr 2021 16:29:55 GMT" skipped="0">
  <testcase classname="com.imsd.tests.DashboardPageTest" name="verifyDashboardPageTileTest" time="0.024"/>
  <testcase classname="com.imsd.tests.DashboardPageTest" name="clickOperationsTileTest" time="10.510"/>
</testsuite> <!-- com.imsd.tests.DashboardPageTest -->
