<?xml version="1.0" encoding="UTF-8"?>
<!-- Generated by org.testng.reporters.JUnitReportReporter -->
<testsuite hostname="TWLADL-032" failures="0" tests="2" name="com.imsd.tests.ContactsPageTest" time="4.521" errors="0" timestamp="14 Apr 2021 17:48:12 GMT" skipped="0">
  <testcase classname="com.imsd.tests.ContactsPageTest" name="clickAssignBookingsLinkTest" time="4.503"/>
  <testcase classname="com.imsd.tests.ContactsPageTest" name="verifyContactsPageTitleTest" time="0.018"/>
</testsuite> <!-- com.imsd.tests.ContactsPageTest -->
