<?xml version="1.0" encoding="UTF-8"?>
<!-- Generated by org.testng.reporters.JUnitReportReporter -->
<testsuite hostname="TWLADL-032" failures="0" tests="2" name="com.imsd.tests.GroupedBookingsPageTest" time="1.369" errors="0" timestamp="14 Apr 2021 17:48:12 GMT" skipped="0">
  <testcase classname="com.imsd.tests.GroupedBookingsPageTest" name="clickAddBookingLinkTest" time="1.354"/>
  <testcase classname="com.imsd.tests.GroupedBookingsPageTest" name="verifyGroupedBookingsPageTitleTest" time="0.015"/>
</testsuite> <!-- com.imsd.tests.GroupedBookingsPageTest -->
