<?xml version="1.0" encoding="UTF-8"?>
<!-- Generated by org.testng.reporters.JUnitReportReporter -->
<testsuite hostname="TWLADL-032" failures="0" tests="2" name="com.imsd.tests.DashboardPageTest" time="6.888" errors="0" timestamp="14 Apr 2021 17:48:12 GMT" skipped="0">
  <testcase classname="com.imsd.tests.DashboardPageTest" name="verifyDashboardPageTileTest" time="0.014"/>
  <testcase classname="com.imsd.tests.DashboardPageTest" name="clickOperationsTileTest" time="6.874"/>
</testsuite> <!-- com.imsd.tests.DashboardPageTest -->
